==============================================================APP推送系统配置================================================================
系统启动成功，启动时间2015-09-17 17:36:47
APP推送优惠券超时：工作时间1:16,工作时间2:19,工作频率:30000,提醒内容:【优惠券超时】你有一张优惠券快过期了哦，再不用可别后悔呀！╭(╯^╰)╮ 
APP推送优惠券新增：工作时间1:09,工作时间2:19,工作频率:30000,提醒内容:【优惠券新增】你获得一张新的优惠券，不用白不用O(∩_∩)O  
APP推送订单超时：工作时间1:15,工作时间2:21,工作频率:30000,提醒内容:【订单超时】亲，您有一个未支付的订单即将被取消，赶快去支付吧，不要让奴家等太久哦！
APP推送登录提醒：工作时间1:15,工作时间2:7,工作频率:30000,提醒内容:【登录提醒】你今天还有两次抽奖机会没有用哦，反正不要钱要不试试看？？
APP定时推送：工作频率:30000
==============================================================APP推送系统配置================================================================
==============================================================APP推送系统配置================================================================
系统启动成功，启动时间2015-09-17 17:42:01
APP推送优惠券超时：工作时间1:16,工作时间2:19,工作频率:30000,提醒内容:【优惠券超时】你有一张优惠券快过期了哦，再不用可别后悔呀！╭(╯^╰)╮ 
APP推送优惠券新增：工作时间1:09,工作时间2:19,工作频率:30000,提醒内容:【优惠券新增】你获得一张新的优惠券，不用白不用O(∩_∩)O  
APP推送订单超时：工作时间1:15,工作时间2:21,工作频率:30000,提醒内容:【订单超时】亲，您有一个未支付的订单即将被取消，赶快去支付吧，不要让奴家等太久哦！
APP推送登录提醒：工作时间1:15,工作时间2:7,工作频率:30000,提醒内容:【登录提醒】你今天还有两次抽奖机会没有用哦，反正不要钱要不试试看？？
APP定时推送：工作频率:30000
==============================================================APP推送系统配置================================================================
==============================================================APP推送系统配置================================================================
系统启动成功，启动时间2015-09-17 17:42:23
APP推送优惠券超时：工作时间1:16,工作时间2:19,工作频率:30000,提醒内容:【优惠券超时】你有一张优惠券快过期了哦，再不用可别后悔呀！╭(╯^╰)╮ 
APP推送优惠券新增：工作时间1:09,工作时间2:19,工作频率:30000,提醒内容:【优惠券新增】你获得一张新的优惠券，不用白不用O(∩_∩)O  
APP推送订单超时：工作时间1:15,工作时间2:21,工作频率:30000,提醒内容:【订单超时】亲，您有一个未支付的订单即将被取消，赶快去支付吧，不要让奴家等太久哦！
APP推送登录提醒：工作时间1:15,工作时间2:7,工作频率:30000,提醒内容:【登录提醒】你今天还有两次抽奖机会没有用哦，反正不要钱要不试试看？？
APP定时推送：工作频率:30000
==============================================================APP推送系统配置================================================================
==============================================================APP推送系统配置================================================================
系统启动成功，启动时间2015-09-17 17:42:40
APP推送优惠券超时：工作时间1:16,工作时间2:19,工作频率:30000,提醒内容:【优惠券超时】你有一张优惠券快过期了哦，再不用可别后悔呀！╭(╯^╰)╮ 
APP推送优惠券新增：工作时间1:09,工作时间2:19,工作频率:30000,提醒内容:【优惠券新增】你获得一张新的优惠券，不用白不用O(∩_∩)O  
APP推送订单超时：工作时间1:15,工作时间2:21,工作频率:30000,提醒内容:【订单超时】亲，您有一个未支付的订单即将被取消，赶快去支付吧，不要让奴家等太久哦！
APP推送登录提醒：工作时间1:15,工作时间2:7,工作频率:30000,提醒内容:【登录提醒】你今天还有两次抽奖机会没有用哦，反正不要钱要不试试看？？
APP定时推送：工作频率:30000
==============================================================APP推送系统配置================================================================
==============================================================APP推送系统配置================================================================
系统启动成功，启动时间2015-09-17 17:44:42
APP推送优惠券超时：工作时间1:16,工作时间2:19,工作频率:30000,提醒内容:【优惠券超时】你有一张优惠券快过期了哦，再不用可别后悔呀！╭(╯^╰)╮ 
APP推送优惠券新增：工作时间1:09,工作时间2:19,工作频率:30000,提醒内容:【优惠券新增】你获得一张新的优惠券，不用白不用O(∩_∩)O  
APP推送订单超时：工作时间1:15,工作时间2:21,工作频率:30000,提醒内容:【订单超时】亲，您有一个未支付的订单即将被取消，赶快去支付吧，不要让奴家等太久哦！
APP推送登录提醒：工作时间1:15,工作时间2:7,工作频率:30000,提醒内容:【登录提醒】你今天还有两次抽奖机会没有用哦，反正不要钱要不试试看？？
APP定时推送：工作频率:30000
==============================================================APP推送系统配置================================================================
==============================================================APP推送系统配置================================================================
系统启动成功，启动时间2015-09-17 17:45:31
APP推送优惠券超时：工作时间1:16,工作时间2:19,工作频率:30000,提醒内容:【优惠券超时】你有一张优惠券快过期了哦，再不用可别后悔呀！╭(╯^╰)╮ 
APP推送优惠券新增：工作时间1:09,工作时间2:19,工作频率:30000,提醒内容:【优惠券新增】你获得一张新的优惠券，不用白不用O(∩_∩)O  
APP推送订单超时：工作时间1:15,工作时间2:21,工作频率:30000,提醒内容:【订单超时】亲，您有一个未支付的订单即将被取消，赶快去支付吧，不要让奴家等太久哦！
APP推送登录提醒：工作时间1:15,工作时间2:7,工作频率:30000,提醒内容:【登录提醒】你今天还有两次抽奖机会没有用哦，反正不要钱要不试试看？？
APP定时推送：工作频率:30000
==============================================================APP推送系统配置================================================================
==============================================================APP推送系统配置================================================================
系统启动成功，启动时间2015-09-17 17:47:02
APP推送优惠券超时：工作时间1:16,工作时间2:19,工作频率:30000,提醒内容:【优惠券超时】你有一张优惠券快过期了哦，再不用可别后悔呀！╭(╯^╰)╮ 
APP推送优惠券新增：工作时间1:09,工作时间2:19,工作频率:30000,提醒内容:【优惠券新增】你获得一张新的优惠券，不用白不用O(∩_∩)O  
APP推送订单超时：工作时间1:15,工作时间2:21,工作频率:30000,提醒内容:【订单超时】亲，您有一个未支付的订单即将被取消，赶快去支付吧，不要让奴家等太久哦！
APP推送登录提醒：工作时间1:15,工作时间2:7,工作频率:30000,提醒内容:【登录提醒】你今天还有两次抽奖机会没有用哦，反正不要钱要不试试看？？
APP定时推送：工作频率:30000
==============================================================APP推送系统配置================================================================
==============================================================APP推送系统配置================================================================
系统启动成功，启动时间2015-09-17 17:49:25
APP推送优惠券超时：工作时间1:16,工作时间2:19,工作频率:30000,提醒内容:【优惠券超时】你有一张优惠券快过期了哦，再不用可别后悔呀！╭(╯^╰)╮ 
APP推送优惠券新增：工作时间1:09,工作时间2:19,工作频率:30000,提醒内容:【优惠券新增】你获得一张新的优惠券，不用白不用O(∩_∩)O  
APP推送订单超时：工作时间1:15,工作时间2:21,工作频率:30000,提醒内容:【订单超时】亲，您有一个未支付的订单即将被取消，赶快去支付吧，不要让奴家等太久哦！
APP推送登录提醒：工作时间1:15,工作时间2:7,工作频率:30000,提醒内容:【登录提醒】你今天还有两次抽奖机会没有用哦，反正不要钱要不试试看？？
APP定时推送：工作频率:30000
==============================================================APP推送系统配置================================================================
==============================================================APP推送系统配置================================================================
系统启动成功，启动时间2015-09-17 17:52:52
APP推送优惠券超时：工作时间1:16,工作时间2:19,工作频率:30000,提醒内容:【优惠券超时】你有一张优惠券快过期了哦，再不用可别后悔呀！╭(╯^╰)╮ 
APP推送优惠券新增：工作时间1:09,工作时间2:19,工作频率:30000,提醒内容:【优惠券新增】你获得一张新的优惠券，不用白不用O(∩_∩)O  
APP推送订单超时：工作时间1:15,工作时间2:21,工作频率:30000,提醒内容:【订单超时】亲，您有一个未支付的订单即将被取消，赶快去支付吧，不要让奴家等太久哦！
APP推送登录提醒：工作时间1:15,工作时间2:7,工作频率:30000,提醒内容:【登录提醒】你今天还有两次抽奖机会没有用哦，反正不要钱要不试试看？？
APP定时推送：工作频率:30000
==============================================================APP推送系统配置================================================================
