==============================================================APP推送系统配置================================================================
系统启动成功，启动时间2015-09-21 17:05:41
APP推送优惠券超时：工作时间1:9,工作时间2:19,工作频率:3600000,提醒内容:你有一张优惠券快过期了哦，再不用可别后悔呀！╭(╯^╰)╮ 
APP推送优惠券新增：工作时间1:8,工作时间2:18,工作频率:3600000,提醒内容:你获得一张新的优惠券，不用白不用O(∩_∩)O  
APP推送订单超时：工作时间1:12,工作时间2:21,工作频率:3600000,提醒内容:亲，您有一个未支付的订单即将被取消，赶快去支付吧，不要让奴家等太久哦！
APP推送登录提醒：工作时间1:20,工作时间2:7,工作频率:3600000,提醒内容:亲，你最近都没有搭理我了，我专门为您精心挑选了几款见了直流口水的吃吃,来看看吧O(∩_∩)O 
APP定时推送：工作频率:300000
==============================================================APP推送系统配置================================================================
==============================================================APP推送系统配置================================================================
系统启动成功，启动时间2015-09-21 17:08:13
APP推送优惠券超时：工作时间1:9,工作时间2:19,工作频率:3600000,提醒内容:你有一张优惠券快过期了哦，再不用可别后悔呀！╭(╯^╰)╮ 
APP推送优惠券新增：工作时间1:8,工作时间2:18,工作频率:3600000,提醒内容:你获得一张新的优惠券，不用白不用O(∩_∩)O  
APP推送订单超时：工作时间1:12,工作时间2:21,工作频率:3600000,提醒内容:亲，您有一个未支付的订单即将被取消，赶快去支付吧，不要让奴家等太久哦！
APP推送登录提醒：工作时间1:20,工作时间2:7,工作频率:3600000,提醒内容:亲，你最近都没有搭理我了，我专门为您精心挑选了几款见了直流口水的吃吃,来看看吧O(∩_∩)O 
APP定时推送：工作频率:300000
==============================================================APP推送系统配置================================================================
==============================================================APP推送系统配置================================================================
系统启动成功，启动时间2015-09-21 17:10:01
APP推送优惠券超时：工作时间1:9,工作时间2:19,工作频率:3600000,提醒内容:你有一张优惠券快过期了哦，再不用可别后悔呀！╭(╯^╰)╮ 
APP推送优惠券新增：工作时间1:8,工作时间2:18,工作频率:3600000,提醒内容:你获得一张新的优惠券，不用白不用O(∩_∩)O  
APP推送订单超时：工作时间1:12,工作时间2:21,工作频率:3600000,提醒内容:亲，您有一个未支付的订单即将被取消，赶快去支付吧，不要让奴家等太久哦！
APP推送登录提醒：工作时间1:20,工作时间2:7,工作频率:3600000,提醒内容:亲，你最近都没有搭理我了，我专门为您精心挑选了几款见了直流口水的吃吃,来看看吧O(∩_∩)O 
APP定时推送：工作频率:300000
==============================================================APP推送系统配置================================================================
