==============================================================SMS系统配置================================================================
系统启动成功，启动时间2015-09-18 15:04:58,当前系统配置：系统工作时间 单位/h：8,22,群发手机最大数量:20
优惠卷超时：工作时间:16,工作频率：3600000 ms/次,提前提醒时间2天,提醒内容：您有即将到期未使用的速库卷 ，点击查看：http://dwz.cn/1DBPGf    如有疑问,请致电速库客服：4000828017
未登陆用户：工作时间:17,工作频率：3600000 ms/次,提醒内容：亲，你最近都没有搭理我了，我专门为您精心挑选了几款见了直流口水的吃吃，点 http://dwz.cn/1DBQRq 瞧一瞧呗！
订单超时：工作时间:2,工作频率：3600000 ms/次,提醒内容：亲，您有一个未支付的订单即将被取消，赶快去支付吧，不要让奴家等太久哦！点 http://dwz.cn/1DBQLz 解救美味！
==============================================================SMS系统配置================================================================
==============================================================SMS系统配置================================================================
系统启动成功，启动时间2015-09-18 15:12:12,当前系统配置：系统工作时间 单位/h：8,22,群发手机最大数量:20
优惠卷超时：工作时间:16,工作频率：3600000 ms/次,提前提醒时间2天,提醒内容：您有即将到期未使用的速库卷 ，点击查看：http://dwz.cn/1DBPGf    如有疑问,请致电速库客服：4000828017
未登陆用户：工作时间:17,工作频率：3600000 ms/次,提醒内容：亲，你最近都没有搭理我了，我专门为您精心挑选了几款见了直流口水的吃吃，点 http://dwz.cn/1DBQRq 瞧一瞧呗！
订单超时：工作时间:2,工作频率：3600000 ms/次,提醒内容：亲，您有一个未支付的订单即将被取消，赶快去支付吧，不要让奴家等太久哦！点 http://dwz.cn/1DBQLz 解救美味！
==============================================================SMS系统配置================================================================
==============================================================SMS系统配置================================================================
系统启动成功，启动时间2015-09-18 15:12:28,当前系统配置：系统工作时间 单位/h：8,22,群发手机最大数量:20
优惠卷超时：工作时间:16,工作频率：3600000 ms/次,提前提醒时间2天,提醒内容：您有即将到期未使用的速库卷 ，点击查看：http://dwz.cn/1DBPGf    如有疑问,请致电速库客服：4000828017
未登陆用户：工作时间:17,工作频率：3600000 ms/次,提醒内容：亲，你最近都没有搭理我了，我专门为您精心挑选了几款见了直流口水的吃吃，点 http://dwz.cn/1DBQRq 瞧一瞧呗！
订单超时：工作时间:2,工作频率：3600000 ms/次,提醒内容：亲，您有一个未支付的订单即将被取消，赶快去支付吧，不要让奴家等太久哦！点 http://dwz.cn/1DBQLz 解救美味！
==============================================================SMS系统配置================================================================
==============================================================SMS系统配置================================================================
系统启动成功，启动时间2015-09-18 15:12:59,当前系统配置：系统工作时间 单位/h：8,22,群发手机最大数量:20
优惠卷超时：工作时间:16,工作频率：3600000 ms/次,提前提醒时间2天,提醒内容：您有即将到期未使用的速库卷 ，点击查看：http://dwz.cn/1DBPGf    如有疑问,请致电速库客服：4000828017
未登陆用户：工作时间:17,工作频率：3600000 ms/次,提醒内容：亲，你最近都没有搭理我了，我专门为您精心挑选了几款见了直流口水的吃吃，点 http://dwz.cn/1DBQRq 瞧一瞧呗！
订单超时：工作时间:2,工作频率：3600000 ms/次,提醒内容：亲，您有一个未支付的订单即将被取消，赶快去支付吧，不要让奴家等太久哦！点 http://dwz.cn/1DBQLz 解救美味！
==============================================================SMS系统配置================================================================
==============================================================SMS系统配置================================================================
系统启动成功，启动时间2015-09-18 15:14:41,当前系统配置：系统工作时间 单位/h：8,22,群发手机最大数量:20
优惠卷超时：工作时间:16,工作频率：3600000 ms/次,提前提醒时间2天,提醒内容：您有即将到期未使用的速库卷 ，点击查看：http://dwz.cn/1DBPGf    如有疑问,请致电速库客服：4000828017
未登陆用户：工作时间:17,工作频率：3600000 ms/次,提醒内容：亲，你最近都没有搭理我了，我专门为您精心挑选了几款见了直流口水的吃吃，点 http://dwz.cn/1DBQRq 瞧一瞧呗！
订单超时：工作时间:2,工作频率：3600000 ms/次,提醒内容：亲，您有一个未支付的订单即将被取消，赶快去支付吧，不要让奴家等太久哦！点 http://dwz.cn/1DBQLz 解救美味！
==============================================================SMS系统配置================================================================
==============================================================SMS系统配置================================================================
系统启动成功，启动时间2015-09-18 15:16:48,当前系统配置：系统工作时间 单位/h：8,22,群发手机最大数量:20
优惠卷超时：工作时间:16,工作频率：3600000 ms/次,提前提醒时间2天,提醒内容：您有即将到期未使用的速库卷 ，点击查看：http://dwz.cn/1DBPGf    如有疑问,请致电速库客服：4000828017
未登陆用户：工作时间:17,工作频率：3600000 ms/次,提醒内容：亲，你最近都没有搭理我了，我专门为您精心挑选了几款见了直流口水的吃吃，点 http://dwz.cn/1DBQRq 瞧一瞧呗！
订单超时：工作时间:2,工作频率：3600000 ms/次,提醒内容：亲，您有一个未支付的订单即将被取消，赶快去支付吧，不要让奴家等太久哦！点 http://dwz.cn/1DBQLz 解救美味！
==============================================================SMS系统配置================================================================
==============================================================SMS系统配置================================================================
系统启动成功，启动时间2015-09-18 15:17:03,当前系统配置：系统工作时间 单位/h：8,22,群发手机最大数量:20
优惠卷超时：工作时间:16,工作频率：3600000 ms/次,提前提醒时间2天,提醒内容：您有即将到期未使用的速库卷 ，点击查看：http://dwz.cn/1DBPGf    如有疑问,请致电速库客服：4000828017
未登陆用户：工作时间:17,工作频率：3600000 ms/次,提醒内容：亲，你最近都没有搭理我了，我专门为您精心挑选了几款见了直流口水的吃吃，点 http://dwz.cn/1DBQRq 瞧一瞧呗！
订单超时：工作时间:2,工作频率：3600000 ms/次,提醒内容：亲，您有一个未支付的订单即将被取消，赶快去支付吧，不要让奴家等太久哦！点 http://dwz.cn/1DBQLz 解救美味！
==============================================================SMS系统配置================================================================
==============================================================SMS系统配置================================================================
系统启动成功，启动时间2015-09-18 15:17:17,当前系统配置：系统工作时间 单位/h：8,22,群发手机最大数量:20
优惠卷超时：工作时间:16,工作频率：3600000 ms/次,提前提醒时间2天,提醒内容：您有即将到期未使用的速库卷 ，点击查看：http://dwz.cn/1DBPGf    如有疑问,请致电速库客服：4000828017
未登陆用户：工作时间:17,工作频率：3600000 ms/次,提醒内容：亲，你最近都没有搭理我了，我专门为您精心挑选了几款见了直流口水的吃吃，点 http://dwz.cn/1DBQRq 瞧一瞧呗！
订单超时：工作时间:2,工作频率：3600000 ms/次,提醒内容：亲，您有一个未支付的订单即将被取消，赶快去支付吧，不要让奴家等太久哦！点 http://dwz.cn/1DBQLz 解救美味！
==============================================================SMS系统配置================================================================
==============================================================SMS系统配置================================================================
系统启动成功，启动时间2015-09-18 15:17:50,当前系统配置：系统工作时间 单位/h：8,22,群发手机最大数量:20
优惠卷超时：工作时间:16,工作频率：3600000 ms/次,提前提醒时间2天,提醒内容：您有即将到期未使用的速库卷 ，点击查看：http://dwz.cn/1DBPGf    如有疑问,请致电速库客服：4000828017
未登陆用户：工作时间:17,工作频率：3600000 ms/次,提醒内容：亲，你最近都没有搭理我了，我专门为您精心挑选了几款见了直流口水的吃吃，点 http://dwz.cn/1DBQRq 瞧一瞧呗！
订单超时：工作时间:2,工作频率：3600000 ms/次,提醒内容：亲，您有一个未支付的订单即将被取消，赶快去支付吧，不要让奴家等太久哦！点 http://dwz.cn/1DBQLz 解救美味！
==============================================================SMS系统配置================================================================
==============================================================SMS系统配置================================================================
系统启动成功，启动时间2015-09-18 15:18:03,当前系统配置：系统工作时间 单位/h：8,22,群发手机最大数量:20
优惠卷超时：工作时间:16,工作频率：3600000 ms/次,提前提醒时间2天,提醒内容：您有即将到期未使用的速库卷 ，点击查看：http://dwz.cn/1DBPGf    如有疑问,请致电速库客服：4000828017
未登陆用户：工作时间:17,工作频率：3600000 ms/次,提醒内容：亲，你最近都没有搭理我了，我专门为您精心挑选了几款见了直流口水的吃吃，点 http://dwz.cn/1DBQRq 瞧一瞧呗！
订单超时：工作时间:2,工作频率：3600000 ms/次,提醒内容：亲，您有一个未支付的订单即将被取消，赶快去支付吧，不要让奴家等太久哦！点 http://dwz.cn/1DBQLz 解救美味！
==============================================================SMS系统配置================================================================
==============================================================SMS系统配置================================================================
系统启动成功，启动时间2015-09-18 15:19:35,当前系统配置：系统工作时间 单位/h：8,22,群发手机最大数量:20
优惠卷超时：工作时间:16,工作频率：3600000 ms/次,提前提醒时间2天,提醒内容：您有即将到期未使用的速库卷 ，点击查看：http://dwz.cn/1DBPGf    如有疑问,请致电速库客服：4000828017
未登陆用户：工作时间:17,工作频率：3600000 ms/次,提醒内容：亲，你最近都没有搭理我了，我专门为您精心挑选了几款见了直流口水的吃吃，点 http://dwz.cn/1DBQRq 瞧一瞧呗！
订单超时：工作时间:2,工作频率：3600000 ms/次,提醒内容：亲，您有一个未支付的订单即将被取消，赶快去支付吧，不要让奴家等太久哦！点 http://dwz.cn/1DBQLz 解救美味！
==============================================================SMS系统配置================================================================
==============================================================SMS系统配置================================================================
系统启动成功，启动时间2015-09-18 15:23:55,当前系统配置：系统工作时间 单位/h：8,22,群发手机最大数量:20
优惠卷超时：工作时间:16,工作频率：3600000 ms/次,提前提醒时间2天,提醒内容：您有即将到期未使用的速库卷 ，点击查看：http://dwz.cn/1DBPGf    如有疑问,请致电速库客服：4000828017
未登陆用户：工作时间:17,工作频率：3600000 ms/次,提醒内容：亲，你最近都没有搭理我了，我专门为您精心挑选了几款见了直流口水的吃吃，点 http://dwz.cn/1DBQRq 瞧一瞧呗！
订单超时：工作时间:2,工作频率：3600000 ms/次,提醒内容：亲，您有一个未支付的订单即将被取消，赶快去支付吧，不要让奴家等太久哦！点 http://dwz.cn/1DBQLz 解救美味！
==============================================================SMS系统配置================================================================
==============================================================SMS系统配置================================================================
系统启动成功，启动时间2015-09-18 15:25:15,当前系统配置：系统工作时间 单位/h：8,22,群发手机最大数量:20
优惠卷超时：工作时间:16,工作频率：3600000 ms/次,提前提醒时间2天,提醒内容：您有即将到期未使用的速库卷 ，点击查看：http://dwz.cn/1DBPGf    如有疑问,请致电速库客服：4000828017
未登陆用户：工作时间:17,工作频率：3600000 ms/次,提醒内容：亲，你最近都没有搭理我了，我专门为您精心挑选了几款见了直流口水的吃吃，点 http://dwz.cn/1DBQRq 瞧一瞧呗！
订单超时：工作时间:2,工作频率：3600000 ms/次,提醒内容：亲，您有一个未支付的订单即将被取消，赶快去支付吧，不要让奴家等太久哦！点 http://dwz.cn/1DBQLz 解救美味！
==============================================================SMS系统配置================================================================
==============================================================SMS系统配置================================================================
系统启动成功，启动时间2015-09-18 15:26:59,当前系统配置：系统工作时间 单位/h：8,22,群发手机最大数量:20
优惠卷超时：工作时间:16,工作频率：3600000 ms/次,提前提醒时间2天,提醒内容：您有即将到期未使用的速库卷 ，点击查看：http://dwz.cn/1DBPGf    如有疑问,请致电速库客服：4000828017
未登陆用户：工作时间:17,工作频率：3600000 ms/次,提醒内容：亲，你最近都没有搭理我了，我专门为您精心挑选了几款见了直流口水的吃吃，点 http://dwz.cn/1DBQRq 瞧一瞧呗！
订单超时：工作时间:2,工作频率：3600000 ms/次,提醒内容：亲，您有一个未支付的订单即将被取消，赶快去支付吧，不要让奴家等太久哦！点 http://dwz.cn/1DBQLz 解救美味！
==============================================================SMS系统配置================================================================
==============================================================SMS系统配置================================================================
系统启动成功，启动时间2015-09-18 15:29:57,当前系统配置：系统工作时间 单位/h：8,22,群发手机最大数量:20
优惠卷超时：工作时间:16,工作频率：3600000 ms/次,提前提醒时间2天,提醒内容：您有即将到期未使用的速库卷 ，点击查看：http://dwz.cn/1DBPGf    如有疑问,请致电速库客服：4000828017
未登陆用户：工作时间:17,工作频率：3600000 ms/次,提醒内容：亲，你最近都没有搭理我了，我专门为您精心挑选了几款见了直流口水的吃吃，点 http://dwz.cn/1DBQRq 瞧一瞧呗！
订单超时：工作时间:2,工作频率：3600000 ms/次,提醒内容：亲，您有一个未支付的订单即将被取消，赶快去支付吧，不要让奴家等太久哦！点 http://dwz.cn/1DBQLz 解救美味！
==============================================================SMS系统配置================================================================
